16:32:48.250 [main] INFO  sqltiming - insert into tbl_member(id, pw, name, tel, email) values ('qwer', '$2a$10$s9hzGobRUGy.JQtNKO7MMuX2eWoqGNK9qVYzky92ddxIx7scI.Qgm', '테스트', '010-1111-1111', 'qwer@qwer.com')
 {executed in 9 msec}
17:06:14.026 [main] INFO  sqltiming - select * from tbl_member where id = 'qwer'
 {executed in 18 msec}
17:06:14.042 [main] INFO  resultsettable - 
|----|-----|-------------------------------------------------------------|-----|--------------|--------------|--------------------|
|mno |id   |pw                                                           |name |tel           |email         |regdate             |
|----|-----|-------------------------------------------------------------|-----|--------------|--------------|--------------------|
|1   |qwer |$2a$10$s9hzGobRUGy.JQtNKO7MMuX2eWoqGNK9qVYzky92ddxIx7scI.Qgm |테스트  |010-1111-1111 |qwer@qwer.com |2025-06-14 16:32:38 |
|----|-----|-------------------------------------------------------------|-----|--------------|--------------|--------------------|

17:06:23.831 [main] INFO  sqltiming - select * from tbl_member where id = 'qwer4'
 {executed in 13 msec}
17:06:23.838 [main] INFO  resultsettable - 
|----|---|---|-----|----|------|--------|
|mno |id |pw |name |tel |email |regdate |
|----|---|---|-----|----|------|--------|
|----|---|---|-----|----|------|--------|

17:06:35.158 [main] INFO  sqltiming - select * from tbl_member where id = 'qwer4'
 {executed in 7 msec}
17:06:35.166 [main] INFO  resultsettable - 
|----|---|---|-----|----|------|--------|
|mno |id |pw |name |tel |email |regdate |
|----|---|---|-----|----|------|--------|
|----|---|---|-----|----|------|--------|

17:07:26.482 [main] INFO  sqltiming - select * from tbl_member where id = ''
 {executed in 7 msec}
17:07:26.490 [main] INFO  resultsettable - 
|----|---|---|-----|----|------|--------|
|mno |id |pw |name |tel |email |regdate |
|----|---|---|-----|----|------|--------|
|----|---|---|-----|----|------|--------|

17:07:32.333 [main] INFO  sqltiming - select * from tbl_member where id = 'qwer'
 {executed in 8 msec}
17:07:32.349 [main] INFO  resultsettable - 
|----|-----|-------------------------------------------------------------|-----|--------------|--------------|--------------------|
|mno |id   |pw                                                           |name |tel           |email         |regdate             |
|----|-----|-------------------------------------------------------------|-----|--------------|--------------|--------------------|
|1   |qwer |$2a$10$s9hzGobRUGy.JQtNKO7MMuX2eWoqGNK9qVYzky92ddxIx7scI.Qgm |테스트  |010-1111-1111 |qwer@qwer.com |2025-06-14 16:32:38 |
|----|-----|-------------------------------------------------------------|-----|--------------|--------------|--------------------|

17:08:59.883 [main] INFO  sqltiming - select * from tbl_member where mno = 1
 {executed in 16 msec}
17:08:59.899 [main] INFO  resultsettable - 
|----|-----|-------------------------------------------------------------|-----|--------------|--------------|--------------------|
|mno |id   |pw                                                           |name |tel           |email         |regdate             |
|----|-----|-------------------------------------------------------------|-----|--------------|--------------|--------------------|
|1   |qwer |$2a$10$s9hzGobRUGy.JQtNKO7MMuX2eWoqGNK9qVYzky92ddxIx7scI.Qgm |테스트  |010-1111-1111 |qwer@qwer.com |2025-06-14 16:32:38 |
|----|-----|-------------------------------------------------------------|-----|--------------|--------------|--------------------|

